# JRE version: OpenJDK Runtime Environment Temurin-17.0.10+7 (17.0.10+7) (build 17.0.10+7)
# Java VM: OpenJDK 64-Bit Server VM Temurin-17.0.10+7 (17.0.10+7, mixed mode, tiered, compressed oops, compressed class ptrs, g1 gc, windows-amd64)
GC Precious Log:
 CPUs: 4 total, 4 available
 Memory: 3918M
 Large Page Support: Disabled
 NUMA Support: Disabled
 Compressed Oops: Enabled (32-bit)
 Heap Region Size: 1M
 Heap Min Capacity: 8M
 Heap Initial Capacity: 62M
 Heap Max Capacity: 980M
 Pre-touch: Disabled
 Parallel Workers: 4
 Concurrent Workers: 1
 Concurrent Refinement Workers: 4
 Periodic GC: Disabled
Heap:
 garbage-first heap   total 49152K, used 27603K [0x00000000c2c00000, 0x0000000100000000)
  region size 1024K, 12 young (12288K), 3 survivors (3072K)
 Metaspace       used 44274K, committed 44736K, reserved 1114112K
  class space    used 5541K, committed 5760K, reserved 1048576K
GC Heap History (20 events):
Event: 0.469 GC heap before
{Heap before GC invocations=0 (full 0):
 garbage-first heap   total 63488K, used 13312K [0x00000000c2c00000, 0x0000000100000000)
  region size 1024K, 13 young (13312K), 0 survivors (0K)
 Metaspace       used 9136K, committed 9280K, reserved 1114112K
  class space    used 918K, committed 960K, reserved 1048576K
}
Event: 0.475 GC heap after
{Heap after GC invocations=1 (full 0):
 garbage-first heap   total 63488K, used 6791K [0x00000000c2c00000, 0x0000000100000000)
  region size 1024K, 2 young (2048K), 2 survivors (2048K)
 Metaspace       used 9136K, committed 9280K, reserved 1114112K
  class space    used 918K, committed 960K, reserved 1048576K
}
Event: 0.733 GC heap before
{Heap before GC invocations=1 (full 0):
 garbage-first heap   total 63488K, used 17031K [0x00000000c2c00000, 0x0000000100000000)
  region size 1024K, 13 young (13312K), 2 survivors (2048K)
 Metaspace       used 12659K, committed 12864K, reserved 1114112K
  class space    used 1373K, committed 1472K, reserved 1048576K
}
Event: 0.735 GC heap after
{Heap after GC invocations=2 (full 0):
 garbage-first heap   total 63488K, used 7574K [0x00000000c2c00000, 0x0000000100000000)
  region size 1024K, 1 young (1024K), 1 survivors (1024K)
 Metaspace       used 12659K, committed 12864K, reserved 1114112K
  class space    used 1373K, committed 1472K, reserved 1048576K
}
Event: 1.252 GC heap before
{Heap before GC invocations=2 (full 0):
 garbage-first heap   total 63488K, used 26006K [0x00000000c2c00000, 0x0000000100000000)
  region size 1024K, 20 young (20480K), 1 survivors (1024K)
 Metaspace       used 17518K, committed 17792K, reserved 1114112K
  class space    used 2039K, committed 2176K, reserved 1048576K
}
Event: 1.256 GC heap after
{Heap after GC invocations=3 (full 0):
 garbage-first heap   total 63488K, used 8898K [0x00000000c2c00000, 0x0000000100000000)
  region size 1024K, 2 young (2048K), 2 survivors (2048K)
 Metaspace       used 17518K, committed 17792K, reserved 1114112K
  class space    used 2039K, committed 2176K, reserved 1048576K
}
Event: 1.837 GC heap before
{Heap before GC invocations=3 (full 0):
 garbage-first heap   total 63488K, used 25282K [0x00000000c2c00000, 0x0000000100000000)
  region size 1024K, 19 young (19456K), 2 survivors (2048K)
 Metaspace       used 21358K, committed 21504K, reserved 1114112K
  class space    used 2611K, committed 2688K, reserved 1048576K
}
Event: 1.842 GC heap after
{Heap after GC invocations=4 (full 0):
 garbage-first heap   total 63488K, used 9922K [0x00000000c2c00000, 0x0000000100000000)
  region size 1024K, 3 young (3072K), 3 survivors (3072K)
 Metaspace       used 21358K, committed 21504K, reserved 1114112K
  class space    used 2611K, committed 2688K, reserved 1048576K
}
Event: 2.251 GC heap before
{Heap before GC invocations=5 (full 0):
 garbage-first heap   total 40960K, used 30402K [0x00000000c2c00000, 0x0000000100000000)
  region size 1024K, 25 young (25600K), 3 survivors (3072K)
 Metaspace       used 26264K, committed 26432K, reserved 1114112K
  class space    used 3178K, committed 3264K, reserved 1048576K
}
Event: 2.257 GC heap after
{Heap after GC invocations=6 (full 0):
 garbage-first heap   total 40960K, used 12271K [0x00000000c2c00000, 0x0000000100000000)
  region size 1024K, 5 young (5120K), 5 survivors (5120K)
 Metaspace       used 26264K, committed 26432K, reserved 1114112K
  class space    used 3178K, committed 3264K, reserved 1048576K
}
Event: 2.646 GC heap before
{Heap before GC invocations=6 (full 0):
 garbage-first heap   total 40960K, used 27631K [0x00000000c2c00000, 0x0000000100000000)
  region size 1024K, 20 young (20480K), 5 survivors (5120K)
 Metaspace       used 28253K, committed 28480K, reserved 1114112K
  class space    used 3429K, committed 3520K, reserved 1048576K
}
Event: 2.652 GC heap after
{Heap after GC invocations=7 (full 0):
 garbage-first heap   total 40960K, used 14105K [0x00000000c2c00000, 0x0000000100000000)
  region size 1024K, 3 young (3072K), 3 survivors (3072K)
 Metaspace       used 28253K, committed 28480K, reserved 1114112K
  class space    used 3429K, committed 3520K, reserved 1048576K
}
Event: 3.016 GC heap before
{Heap before GC invocations=7 (full 0):
 garbage-first heap   total 40960K, used 28441K [0x00000000c2c00000, 0x0000000100000000)
  region size 1024K, 17 young (17408K), 3 survivors (3072K)
 Metaspace       used 29988K, committed 30336K, reserved 1114112K
  class space    used 3652K, committed 3840K, reserved 1048576K
}
Event: 3.021 GC heap after
{Heap after GC invocations=8 (full 0):
 garbage-first heap   total 49152K, used 15282K [0x00000000c2c00000, 0x0000000100000000)
  region size 1024K, 2 young (2048K), 2 survivors (2048K)
 Metaspace       used 29988K, committed 30336K, reserved 1114112K
  class space    used 3652K, committed 3840K, reserved 1048576K
}
Event: 3.776 GC heap before
{Heap before GC invocations=8 (full 0):
 garbage-first heap   total 49152K, used 34738K [0x00000000c2c00000, 0x0000000100000000)
  region size 1024K, 21 young (21504K), 2 survivors (2048K)
 Metaspace       used 33098K, committed 33472K, reserved 1114112K
  class space    used 4101K, committed 4288K, reserved 1048576K
}
Event: 3.780 GC heap after
{Heap after GC invocations=9 (full 0):
 garbage-first heap   total 49152K, used 16678K [0x00000000c2c00000, 0x0000000100000000)
  region size 1024K, 3 young (3072K), 3 survivors (3072K)
 Metaspace       used 33098K, committed 33472K, reserved 1114112K
  class space    used 4101K, committed 4288K, reserved 1048576K
}
Event: 4.342 GC heap before
{Heap before GC invocations=9 (full 0):
 garbage-first heap   total 49152K, used 29990K [0x00000000c2c00000, 0x0000000100000000)
  region size 1024K, 17 young (17408K), 3 survivors (3072K)
 Metaspace       used 35942K, committed 36288K, reserved 1114112K
  class space    used 4542K, committed 4736K, reserved 1048576K
}
Event: 4.348 GC heap after
{Heap after GC invocations=10 (full 0):
 garbage-first heap   total 49152K, used 18334K [0x00000000c2c00000, 0x0000000100000000)
  region size 1024K, 2 young (2048K), 2 survivors (2048K)
 Metaspace       used 35942K, committed 36288K, reserved 1114112K
  class space    used 4542K, committed 4736K, reserved 1048576K
}
Event: 4.811 GC heap before
{Heap before GC invocations=11 (full 0):
 garbage-first heap   total 49152K, used 35742K [0x00000000c2c00000, 0x0000000100000000)
  region size 1024K, 20 young (20480K), 2 survivors (2048K)
 Metaspace       used 38969K, committed 39360K, reserved 1114112K
  class space    used 4864K, committed 5056K, reserved 1048576K
}
Event: 4.815 GC heap after
{Heap after GC invocations=12 (full 0):
 garbage-first heap   total 49152K, used 19411K [0x00000000c2c00000, 0x0000000100000000)
  region size 1024K, 3 young (3072K), 3 survivors (3072K)
 Metaspace       used 38969K, committed 39360K, reserved 1114112K
  class space    used 4864K, committed 5056K, reserved 1048576K
}

